[1016/165729.331:INFO:CONSOLE(0)] "Error with Permissions-Policy header: Feature xr-spatial-tracking's parameters are ignored.", source:  (0)
[1016/165729.332:INFO:CONSOLE(0)] "Error with Permissions-Policy header: Origin trial controlled feature not enabled: 'attribution-reporting'.", source:  (0)
[1016/165729.332:INFO:CONSOLE(0)] "Error with Permissions-Policy header: Unrecognized feature: 'compute-pressure'.", source:  (0)
[1016/165729.332:INFO:CONSOLE(0)] "Error with Permissions-Policy header: Origin trial controlled feature not enabled: 'interest-cohort'.", source:  (0)
[1016/165729.332:INFO:CONSOLE(0)] "Error with Permissions-Policy header: Unrecognized feature: 'private-state-token-issuance'.", source:  (0)
[1016/165729.332:INFO:CONSOLE(0)] "Error with Permissions-Policy header: Origin trial controlled feature not enabled: 'shared-storage'.", source:  (0)
[1016/165729.332:INFO:CONSOLE(0)] "Error with Permissions-Policy header: Unrecognized feature: 'shared-storage-select-url'.", source:  (0)
[1016/165729.332:INFO:CONSOLE(0)] "Error with Permissions-Policy header: Unrecognized feature: 'private-state-token-redemption'.", source:  (0)
[1016/165729.332:INFO:CONSOLE(0)] "Error with Permissions-Policy header: Unrecognized feature: 'unload'.", source:  (0)
[1016/165729.332:INFO:CONSOLE(0)] "Error with Permissions-Policy header: Unrecognized feature: 'window-management'.", source:  (0)
[1016/165730.143:INFO:CONSOLE(344)] "WAWebLoggerWorker initialized", source: https://static.whatsapp.net/rsrc.php/v3/yo/r/jt7aXoJMT-C.js (344)
[1016/165730.146:INFO:CONSOLE(344)] "[storage] start setSchemaVersions from fts worker interface", source: https://static.whatsapp.net/rsrc.php/v3/yo/r/jt7aXoJMT-C.js (344)
[1016/165730.147:INFO:CONSOLE(344)] "[storage] set schema versions: [model-storage,159,fts-storage,8,jobs-storage,1,lru-media-storage-idb,2,offd-storage,4,qpl-storage,0,signal-storage,6,worker-storage,1,sw,2,wawc,14,wawc_db_enc,2]. is worker? true", source: https://static.whatsapp.net/rsrc.php/v3/yo/r/jt7aXoJMT-C.js (344)
[1016/165731.025:INFO:CONSOLE(123)] "Event handler of 'x-storagemutated-1' event must be added on the initial evaluation of worker script.", source: https://static.whatsapp.net/rsrc.php/v3/yU/r/hfJADNObVeQ.js (123)
[1016/165839.214:INFO:CONSOLE(123)] "Event handler of 'x-storagemutated-1' event must be added on the initial evaluation of worker script.", source: https://static.whatsapp.net/rsrc.php/v3/yU/r/hfJADNObVeQ.js (123)
[1016/165841.879:INFO:CONSOLE(344)] "FTS:Delegate: start indexer", source: https://static.whatsapp.net/rsrc.php/v3/yo/r/jt7aXoJMT-C.js (344)
[1016/165841.879:INFO:CONSOLE(344)] "FTS:Delegate: start perform init", source: https://static.whatsapp.net/rsrc.php/v3/yo/r/jt7aXoJMT-C.js (344)
[1016/165841.879:INFO:CONSOLE(344)] "FTS:Delegate: schema versions ready", source: https://static.whatsapp.net/rsrc.php/v3/yo/r/jt7aXoJMT-C.js (344)
[1016/165841.879:INFO:CONSOLE(344)] "FTS:Delegate: before db initialization", source: https://static.whatsapp.net/rsrc.php/v3/yo/r/jt7aXoJMT-C.js (344)
[1016/165841.879:INFO:CONSOLE(344)] "[storage] applying schema versions from [0 to 8] for the database: 'fts-storage'", source: https://static.whatsapp.net/rsrc.php/v3/yo/r/jt7aXoJMT-C.js (344)
[1016/165841.900:INFO:CONSOLE(344)] "[storage] skipping version 160 for table 'media-playback-event' since it is higher than max version to rollout 159", source: https://static.whatsapp.net/rsrc.php/v3/yo/r/jt7aXoJMT-C.js (344)
[1016/165841.901:INFO:CONSOLE(344)] "[storage] applying schema versions from [0 to 159] for the database: 'model-storage'", source: https://static.whatsapp.net/rsrc.php/v3/yo/r/jt7aXoJMT-C.js (344)
[1016/165843.536:INFO:CONSOLE(344)] "FTS:Delegate: after db initialization", source: https://static.whatsapp.net/rsrc.php/v3/yo/r/jt7aXoJMT-C.js (344)
[1016/165843.537:INFO:CONSOLE(344)] "FTS:Manifest Writer: Set current version to ['3.1', '1']", source: https://static.whatsapp.net/rsrc.php/v3/yo/r/jt7aXoJMT-C.js (344)
[1016/165843.537:INFO:CONSOLE(344)] "FTS:Delegate: Inited", source: https://static.whatsapp.net/rsrc.php/v3/yo/r/jt7aXoJMT-C.js (344)
[1016/165843.537:INFO:CONSOLE(344)] "FTS:Delegate: Init indexing ops", source: https://static.whatsapp.net/rsrc.php/v3/yo/r/jt7aXoJMT-C.js (344)
[1016/165843.537:INFO:CONSOLE(344)] "Current message batch is from entry 0 of 0...", source: https://static.whatsapp.net/rsrc.php/v3/yo/r/jt7aXoJMT-C.js (344)
[1016/165843.537:INFO:CONSOLE(344)] "FTS:Indexer:indexQueuedBatch: Starting new batch size : 1000", source: https://static.whatsapp.net/rsrc.php/v3/yo/r/jt7aXoJMT-C.js (344)
[1016/165843.537:INFO:CONSOLE(344)] "FTS:Indexer:indexQueuedBatch: Completed", source: https://static.whatsapp.net/rsrc.php/v3/yo/r/jt7aXoJMT-C.js (344)
[1016/165845.069:INFO:CONSOLE(344)] "FTS:Indexer:indexQueuedBatch: Starting new batch size : 1000", source: https://static.whatsapp.net/rsrc.php/v3/yo/r/jt7aXoJMT-C.js (344)
[1016/165911.542:INFO:CONSOLE(344)] "FTS:Indexer:indexQueuedBatch: Completed batch", source: https://static.whatsapp.net/rsrc.php/v3/yo/r/jt7aXoJMT-C.js (344)
[1016/165911.619:INFO:CONSOLE(344)] "FTS:Indexer:indexQueuedBatch: Completed", source: https://static.whatsapp.net/rsrc.php/v3/yo/r/jt7aXoJMT-C.js (344)
[1016/165918.398:INFO:CONSOLE(344)] "FTS:Indexer:indexQueuedBatch: Starting new batch size : 1000", source: https://static.whatsapp.net/rsrc.php/v3/yo/r/jt7aXoJMT-C.js (344)
[1016/170011.249:INFO:CONSOLE(344)] "FTS:Indexer:indexQueuedBatch: Completed batch", source: https://static.whatsapp.net/rsrc.php/v3/yo/r/jt7aXoJMT-C.js (344)
[1016/170101.254:INFO:CONSOLE(344)] "FTS:Indexer:indexQueuedBatch: Completed batch", source: https://static.whatsapp.net/rsrc.php/v3/yo/r/jt7aXoJMT-C.js (344)
[1016/170153.918:INFO:CONSOLE(344)] "FTS:Indexer:indexQueuedBatch: Completed batch", source: https://static.whatsapp.net/rsrc.php/v3/yo/r/jt7aXoJMT-C.js (344)
[1016/170200.779:INFO:CONSOLE(88)] "Uncaught (in promise) #<a>", source: https://static.whatsapp.net/rsrc.php/v3i7Ki4/y7/l/rt/2PaOGC2msmn.js (88)
[1016/170201.038:INFO:CONSOLE(0)] "Error with Permissions-Policy header: Feature xr-spatial-tracking's parameters are ignored.", source:  (0)
[1016/170201.038:INFO:CONSOLE(0)] "Error with Permissions-Policy header: Origin trial controlled feature not enabled: 'attribution-reporting'.", source:  (0)
[1016/170201.038:INFO:CONSOLE(0)] "Error with Permissions-Policy header: Unrecognized feature: 'compute-pressure'.", source:  (0)
[1016/170201.038:INFO:CONSOLE(0)] "Error with Permissions-Policy header: Origin trial controlled feature not enabled: 'interest-cohort'.", source:  (0)
[1016/170201.038:INFO:CONSOLE(0)] "Error with Permissions-Policy header: Unrecognized feature: 'private-state-token-issuance'.", source:  (0)
[1016/170201.038:INFO:CONSOLE(0)] "Error with Permissions-Policy header: Origin trial controlled feature not enabled: 'shared-storage'.", source:  (0)
[1016/170201.038:INFO:CONSOLE(0)] "Error with Permissions-Policy header: Unrecognized feature: 'shared-storage-select-url'.", source:  (0)
[1016/170201.039:INFO:CONSOLE(0)] "Error with Permissions-Policy header: Unrecognized feature: 'private-state-token-redemption'.", source:  (0)
[1016/170201.039:INFO:CONSOLE(0)] "Error with Permissions-Policy header: Unrecognized feature: 'unload'.", source:  (0)
[1016/170201.039:INFO:CONSOLE(0)] "Error with Permissions-Policy header: Unrecognized feature: 'window-management'.", source:  (0)
